<?xml version="1.0" encoding="UTF-8"?>
<testng-results ignored="0" total="0" passed="0" failed="0" skipped="0">
  <reporter-output>
  </reporter-output>
  <suite started-at="2021-07-14T19:43:59 EDT" name="selenium.SeleniumHomeTest" finished-at="2021-07-14T19:43:59 EDT" duration-ms="8">
    <groups>
    </groups>
    <test started-at="2021-07-14T19:43:59 EDT" name="Command line test" finished-at="2021-07-14T19:43:59 EDT" duration-ms="8">
    </test> <!-- Command line test -->
  </suite> <!-- selenium.SeleniumHomeTest -->
</testng-results>
